<?xml version="1.0" encoding="UTF-8"?>
<testng-results skipped="0" failed="1" total="2" passed="1">
  <reporter-output>
  </reporter-output>
  <suite name="Suite" duration-ms="49100" started-at="2020-09-01T15:18:28Z" finished-at="2020-09-01T15:19:17Z">
    <groups>
      <group name="TCID 01: Verifying Login TestCase">
        <method signature="LoginPageFunctionality.LoginPageOne(java.lang.String, java.lang.String)[pri:0, instance:TestCasesExecution.LoginPageFunctionality@2ac273d3]" name="LoginPageOne" class="TestCasesExecution.LoginPageFunctionality"/>
      </group> <!-- TCID 01: Verifying Login TestCase -->
      <group name="TCID 02: Verifying failed Login TestCase">
        <method signature="LoginPageFunctionality.LoginPageTwo(java.lang.String, java.lang.String)[pri:1, instance:TestCasesExecution.LoginPageFunctionality@2ac273d3]" name="LoginPageTwo" class="TestCasesExecution.LoginPageFunctionality"/>
      </group> <!-- TCID 02: Verifying failed Login TestCase -->
    </groups>
    <test name="Regression Test" duration-ms="49100" started-at="2020-09-01T15:18:28Z" finished-at="2020-09-01T15:19:17Z">
      <class name="TestCasesExecution.LoginPageFunctionality">
        <test-method status="PASS" signature="startReport()[pri:0, instance:TestCasesExecution.LoginPageFunctionality@2ac273d3]" name="startReport" is-config="true" duration-ms="247" started-at="2020-09-01T15:18:28Z" finished-at="2020-09-01T15:18:28Z">
        </test-method> <!-- startReport -->
        <test-method status="PASS" signature="HomePageNavigation(java.lang.reflect.Method)[pri:0, instance:TestCasesExecution.LoginPageFunctionality@2ac273d3]" name="HomePageNavigation" is-config="true" duration-ms="17038" started-at="2020-09-01T15:18:29Z" finished-at="2020-09-01T15:18:46Z">
          <params>
            <param index="0">
              <value>
                <![CDATA[public void TestCasesExecution.LoginPageFunctionality.LoginPageOne(java.lang.String,java.lang.String) throws java.lang.InterruptedException]]>
              </value>
            </param>
          </params>
        </test-method> <!-- HomePageNavigation -->
        <test-method status="PASS" signature="LoginPageOne(java.lang.String, java.lang.String)[pri:0, instance:TestCasesExecution.LoginPageFunctionality@2ac273d3]" name="LoginPageOne" duration-ms="4917" started-at="2020-09-01T15:18:46Z" data-provider="getLoginData" finished-at="2020-09-01T15:18:51Z">
          <params>
            <param index="0">
              <value>
                <![CDATA[mngr280923]]>
              </value>
            </param>
            <param index="1">
              <value>
                <![CDATA[UzUzUpE]]>
              </value>
            </param>
          </params>
        </test-method> <!-- LoginPageOne -->
        <test-method status="PASS" signature="getResult(org.testng.ITestResult)[pri:0, instance:TestCasesExecution.LoginPageFunctionality@2ac273d3]" name="getResult" is-config="true" duration-ms="2600" started-at="2020-09-01T15:18:51Z" finished-at="2020-09-01T15:18:53Z">
          <params>
            <param index="0">
              <value>
                <![CDATA[[TestResult: LoginPageOne STATUS:SUCCESS METHOD:LoginPageFunctionality.LoginPageOne(java.lang.String, java.lang.String)[pri:0, instance:TestCasesExecution.LoginPageFunctionality@2ac273d3]]
]]>
              </value>
            </param>
          </params>
        </test-method> <!-- getResult -->
        <test-method status="PASS" signature="HomePageNavigation(java.lang.reflect.Method)[pri:0, instance:TestCasesExecution.LoginPageFunctionality@2ac273d3]" name="HomePageNavigation" is-config="true" duration-ms="16048" started-at="2020-09-01T15:18:53Z" finished-at="2020-09-01T15:19:10Z">
          <params>
            <param index="0">
              <value>
                <![CDATA[public void TestCasesExecution.LoginPageFunctionality.LoginPageTwo(java.lang.String,java.lang.String) throws java.lang.InterruptedException]]>
              </value>
            </param>
          </params>
        </test-method> <!-- HomePageNavigation -->
        <test-method status="FAIL" signature="LoginPageTwo(java.lang.String, java.lang.String)[pri:1, instance:TestCasesExecution.LoginPageFunctionality@2ac273d3]" name="LoginPageTwo" duration-ms="4593" started-at="2020-09-01T15:19:10Z" data-provider="getLoginData" finished-at="2020-09-01T15:19:14Z">
          <params>
            <param index="0">
              <value>
                <![CDATA[mngr280923]]>
              </value>
            </param>
            <param index="1">
              <value>
                <![CDATA[UzUzUpE]]>
              </value>
            </param>
          </params>
          <exception class="java.lang.AssertionError">
            <message>
              <![CDATA[expected:<true> but was:<false>]]>
            </message>
            <full-stacktrace>
              <![CDATA[java.lang.AssertionError: expected:<true> but was:<false>
	at org.testng.Assert.fail(Assert.java:89)
	at org.testng.Assert.failNotEquals(Assert.java:489)
	at org.testng.Assert.assertTrue(Assert.java:37)
	at org.testng.Assert.assertTrue(Assert.java:47)
	at TestCasesExecution.LoginPageFunctionality.LoginPageTwo(LoginPageFunctionality.java:116)
	at sun.reflect.NativeMethodAccessorImpl.invoke0(Native Method)
	at sun.reflect.NativeMethodAccessorImpl.invoke(NativeMethodAccessorImpl.java:62)
	at sun.reflect.DelegatingMethodAccessorImpl.invoke(DelegatingMethodAccessorImpl.java:43)
	at java.lang.reflect.Method.invoke(Method.java:497)
	at org.testng.internal.MethodInvocationHelper.invokeMethod(MethodInvocationHelper.java:80)
	at org.testng.internal.Invoker.invokeMethod(Invoker.java:702)
	at org.testng.internal.Invoker.invokeTestMethod(Invoker.java:894)
	at org.testng.internal.Invoker.invokeTestMethods(Invoker.java:1219)
	at org.testng.internal.TestMethodWorker.invokeTestMethods(TestMethodWorker.java:127)
	at org.testng.internal.TestMethodWorker.run(TestMethodWorker.java:111)
	at org.testng.TestRunner.privateRun(TestRunner.java:768)
	at org.testng.TestRunner.run(TestRunner.java:617)
	at org.testng.SuiteRunner.runTest(SuiteRunner.java:334)
	at org.testng.SuiteRunner.runSequentially(SuiteRunner.java:329)
	at org.testng.SuiteRunner.privateRun(SuiteRunner.java:291)
	at org.testng.SuiteRunner.run(SuiteRunner.java:240)
	at org.testng.SuiteRunnerWorker.runSuite(SuiteRunnerWorker.java:53)
	at org.testng.SuiteRunnerWorker.run(SuiteRunnerWorker.java:87)
	at org.testng.TestNG.runSuitesSequentially(TestNG.java:1188)
	at org.testng.TestNG.runSuitesLocally(TestNG.java:1113)
	at org.testng.TestNG.run(TestNG.java:1025)
	at org.testng.remote.AbstractRemoteTestNG.run(AbstractRemoteTestNG.java:126)
	at org.testng.remote.RemoteTestNG.initAndRun(RemoteTestNG.java:137)
	at org.testng.remote.RemoteTestNG.main(RemoteTestNG.java:58)
]]>
            </full-stacktrace>
          </exception> <!-- java.lang.AssertionError -->
        </test-method> <!-- LoginPageTwo -->
        <test-method status="PASS" signature="getResult(org.testng.ITestResult)[pri:0, instance:TestCasesExecution.LoginPageFunctionality@2ac273d3]" name="getResult" is-config="true" duration-ms="3052" started-at="2020-09-01T15:19:14Z" finished-at="2020-09-01T15:19:17Z">
          <params>
            <param index="0">
              <value>
                <![CDATA[[TestResult: LoginPageTwo STATUS:FAILURE METHOD:LoginPageFunctionality.LoginPageTwo(java.lang.String, java.lang.String)[pri:1, instance:TestCasesExecution.LoginPageFunctionality@2ac273d3]]
]]>
              </value>
            </param>
          </params>
        </test-method> <!-- getResult -->
      </class> <!-- TestCasesExecution.LoginPageFunctionality -->
    </test> <!-- Regression Test -->
  </suite> <!-- Suite -->
</testng-results>
